  main.cpp
LINK : warning LNK4098: 'MSVCRT' defaultlib가 다른 라이브러리와 충돌합니다. /NODEFAULTLIB:library를 사용하십시오.
LIBCMTD.lib(initializers.obj) : warning LNK4098: 'libcmt.lib' defaultlib가 다른 라이브러리와 충돌합니다. /NODEFAULTLIB:library를 사용하십시오.
libprotobufd.lib(arena.obj) : warning LNK4099: 'libprotobuf.pdb' PDB를 'libprotobufd.lib(arena.obj)' 또는 'C:\Users\Sounghoo12\Desktop\SC2API\precomfile lib\SC2API_Binary_vs2017\project\x64\Debug\libprotobuf.pdb'에서 찾을 수 없습니다. 디버그 정보가 없는 것처럼 개체를 링크합니다.
libprotobufd.lib(arenastring.obj) : warning LNK4099: 'libprotobuf.pdb' PDB를 'libprotobufd.lib(arenastring.obj)' 또는 'C:\Users\Sounghoo12\Desktop\SC2API\precomfile lib\SC2API_Binary_vs2017\project\x64\Debug\libprotobuf.pdb'에서 찾을 수 없습니다. 디버그 정보가 없는 것처럼 개체를 링크합니다.
libprotobufd.lib(extension_set.obj) : warning LNK4099: 'libprotobuf.pdb' PDB를 'libprotobufd.lib(extension_set.obj)' 또는 'C:\Users\Sounghoo12\Desktop\SC2API\precomfile lib\SC2API_Binary_vs2017\project\x64\Debug\libprotobuf.pdb'에서 찾을 수 없습니다. 디버그 정보가 없는 것처럼 개체를 링크합니다.
libprotobufd.lib(generated_message_util.obj) : warning LNK4099: 'libprotobuf.pdb' PDB를 'libprotobufd.lib(generated_message_util.obj)' 또는 'C:\Users\Sounghoo12\Desktop\SC2API\precomfile lib\SC2API_Binary_vs2017\project\x64\Debug\libprotobuf.pdb'에서 찾을 수 없습니다. 디버그 정보가 없는 것처럼 개체를 링크합니다.
libprotobufd.lib(coded_stream.obj) : warning LNK4099: 'libprotobuf.pdb' PDB를 'libprotobufd.lib(coded_stream.obj)' 또는 'C:\Users\Sounghoo12\Desktop\SC2API\precomfile lib\SC2API_Binary_vs2017\project\x64\Debug\libprotobuf.pdb'에서 찾을 수 없습니다. 디버그 정보가 없는 것처럼 개체를 링크합니다.
libprotobufd.lib(zero_copy_stream.obj) : warning LNK4099: 'libprotobuf.pdb' PDB를 'libprotobufd.lib(zero_copy_stream.obj)' 또는 'C:\Users\Sounghoo12\Desktop\SC2API\precomfile lib\SC2API_Binary_vs2017\project\x64\Debug\libprotobuf.pdb'에서 찾을 수 없습니다. 디버그 정보가 없는 것처럼 개체를 링크합니다.
libprotobufd.lib(zero_copy_stream_impl_lite.obj) : warning LNK4099: 'libprotobuf.pdb' PDB를 'libprotobufd.lib(zero_copy_stream_impl_lite.obj)' 또는 'C:\Users\Sounghoo12\Desktop\SC2API\precomfile lib\SC2API_Binary_vs2017\project\x64\Debug\libprotobuf.pdb'에서 찾을 수 없습니다. 디버그 정보가 없는 것처럼 개체를 링크합니다.
libprotobufd.lib(message_lite.obj) : warning LNK4099: 'libprotobuf.pdb' PDB를 'libprotobufd.lib(message_lite.obj)' 또는 'C:\Users\Sounghoo12\Desktop\SC2API\precomfile lib\SC2API_Binary_vs2017\project\x64\Debug\libprotobuf.pdb'에서 찾을 수 없습니다. 디버그 정보가 없는 것처럼 개체를 링크합니다.
libprotobufd.lib(repeated_field.obj) : warning LNK4099: 'libprotobuf.pdb' PDB를 'libprotobufd.lib(repeated_field.obj)' 또는 'C:\Users\Sounghoo12\Desktop\SC2API\precomfile lib\SC2API_Binary_vs2017\project\x64\Debug\libprotobuf.pdb'에서 찾을 수 없습니다. 디버그 정보가 없는 것처럼 개체를 링크합니다.
libprotobufd.lib(atomicops_internals_x86_msvc.obj) : warning LNK4099: 'libprotobuf.pdb' PDB를 'libprotobufd.lib(atomicops_internals_x86_msvc.obj)' 또는 'C:\Users\Sounghoo12\Desktop\SC2API\precomfile lib\SC2API_Binary_vs2017\project\x64\Debug\libprotobuf.pdb'에서 찾을 수 없습니다. 디버그 정보가 없는 것처럼 개체를 링크합니다.
libprotobufd.lib(common.obj) : warning LNK4099: 'libprotobuf.pdb' PDB를 'libprotobufd.lib(common.obj)' 또는 'C:\Users\Sounghoo12\Desktop\SC2API\precomfile lib\SC2API_Binary_vs2017\project\x64\Debug\libprotobuf.pdb'에서 찾을 수 없습니다. 디버그 정보가 없는 것처럼 개체를 링크합니다.
libprotobufd.lib(int128.obj) : warning LNK4099: 'libprotobuf.pdb' PDB를 'libprotobufd.lib(int128.obj)' 또는 'C:\Users\Sounghoo12\Desktop\SC2API\precomfile lib\SC2API_Binary_vs2017\project\x64\Debug\libprotobuf.pdb'에서 찾을 수 없습니다. 디버그 정보가 없는 것처럼 개체를 링크합니다.
libprotobufd.lib(once.obj) : warning LNK4099: 'libprotobuf.pdb' PDB를 'libprotobufd.lib(once.obj)' 또는 'C:\Users\Sounghoo12\Desktop\SC2API\precomfile lib\SC2API_Binary_vs2017\project\x64\Debug\libprotobuf.pdb'에서 찾을 수 없습니다. 디버그 정보가 없는 것처럼 개체를 링크합니다.
libprotobufd.lib(status.obj) : warning LNK4099: 'libprotobuf.pdb' PDB를 'libprotobufd.lib(status.obj)' 또는 'C:\Users\Sounghoo12\Desktop\SC2API\precomfile lib\SC2API_Binary_vs2017\project\x64\Debug\libprotobuf.pdb'에서 찾을 수 없습니다. 디버그 정보가 없는 것처럼 개체를 링크합니다.
libprotobufd.lib(stringpiece.obj) : warning LNK4099: 'libprotobuf.pdb' PDB를 'libprotobufd.lib(stringpiece.obj)' 또는 'C:\Users\Sounghoo12\Desktop\SC2API\precomfile lib\SC2API_Binary_vs2017\project\x64\Debug\libprotobuf.pdb'에서 찾을 수 없습니다. 디버그 정보가 없는 것처럼 개체를 링크합니다.
libprotobufd.lib(stringprintf.obj) : warning LNK4099: 'libprotobuf.pdb' PDB를 'libprotobufd.lib(stringprintf.obj)' 또는 'C:\Users\Sounghoo12\Desktop\SC2API\precomfile lib\SC2API_Binary_vs2017\project\x64\Debug\libprotobuf.pdb'에서 찾을 수 없습니다. 디버그 정보가 없는 것처럼 개체를 링크합니다.
libprotobufd.lib(structurally_valid.obj) : warning LNK4099: 'libprotobuf.pdb' PDB를 'libprotobufd.lib(structurally_valid.obj)' 또는 'C:\Users\Sounghoo12\Desktop\SC2API\precomfile lib\SC2API_Binary_vs2017\project\x64\Debug\libprotobuf.pdb'에서 찾을 수 없습니다. 디버그 정보가 없는 것처럼 개체를 링크합니다.
libprotobufd.lib(strutil.obj) : warning LNK4099: 'libprotobuf.pdb' PDB를 'libprotobufd.lib(strutil.obj)' 또는 'C:\Users\Sounghoo12\Desktop\SC2API\precomfile lib\SC2API_Binary_vs2017\project\x64\Debug\libprotobuf.pdb'에서 찾을 수 없습니다. 디버그 정보가 없는 것처럼 개체를 링크합니다.
libprotobufd.lib(wire_format_lite.obj) : warning LNK4099: 'libprotobuf.pdb' PDB를 'libprotobufd.lib(wire_format_lite.obj)' 또는 'C:\Users\Sounghoo12\Desktop\SC2API\precomfile lib\SC2API_Binary_vs2017\project\x64\Debug\libprotobuf.pdb'에서 찾을 수 없습니다. 디버그 정보가 없는 것처럼 개체를 링크합니다.
libprotobufd.lib(any.obj) : warning LNK4099: 'libprotobuf.pdb' PDB를 'libprotobufd.lib(any.obj)' 또는 'C:\Users\Sounghoo12\Desktop\SC2API\precomfile lib\SC2API_Binary_vs2017\project\x64\Debug\libprotobuf.pdb'에서 찾을 수 없습니다. 디버그 정보가 없는 것처럼 개체를 링크합니다.
libprotobufd.lib(descriptor.obj) : warning LNK4099: 'libprotobuf.pdb' PDB를 'libprotobufd.lib(descriptor.obj)' 또는 'C:\Users\Sounghoo12\Desktop\SC2API\precomfile lib\SC2API_Binary_vs2017\project\x64\Debug\libprotobuf.pdb'에서 찾을 수 없습니다. 디버그 정보가 없는 것처럼 개체를 링크합니다.
libprotobufd.lib(descriptor.pb.obj) : warning LNK4099: 'libprotobuf.pdb' PDB를 'libprotobufd.lib(descriptor.pb.obj)' 또는 'C:\Users\Sounghoo12\Desktop\SC2API\precomfile lib\SC2API_Binary_vs2017\project\x64\Debug\libprotobuf.pdb'에서 찾을 수 없습니다. 디버그 정보가 없는 것처럼 개체를 링크합니다.
libprotobufd.lib(descriptor_database.obj) : warning LNK4099: 'libprotobuf.pdb' PDB를 'libprotobufd.lib(descriptor_database.obj)' 또는 'C:\Users\Sounghoo12\Desktop\SC2API\precomfile lib\SC2API_Binary_vs2017\project\x64\Debug\libprotobuf.pdb'에서 찾을 수 없습니다. 디버그 정보가 없는 것처럼 개체를 링크합니다.
libprotobufd.lib(dynamic_message.obj) : warning LNK4099: 'libprotobuf.pdb' PDB를 'libprotobufd.lib(dynamic_message.obj)' 또는 'C:\Users\Sounghoo12\Desktop\SC2API\precomfile lib\SC2API_Binary_vs2017\project\x64\Debug\libprotobuf.pdb'에서 찾을 수 없습니다. 디버그 정보가 없는 것처럼 개체를 링크합니다.
libprotobufd.lib(extension_set_heavy.obj) : warning LNK4099: 'libprotobuf.pdb' PDB를 'libprotobufd.lib(extension_set_heavy.obj)' 또는 'C:\Users\Sounghoo12\Desktop\SC2API\precomfile lib\SC2API_Binary_vs2017\project\x64\Debug\libprotobuf.pdb'에서 찾을 수 없습니다. 디버그 정보가 없는 것처럼 개체를 링크합니다.
libprotobufd.lib(generated_message_reflection.obj) : warning LNK4099: 'libprotobuf.pdb' PDB를 'libprotobufd.lib(generated_message_reflection.obj)' 또는 'C:\Users\Sounghoo12\Desktop\SC2API\precomfile lib\SC2API_Binary_vs2017\project\x64\Debug\libprotobuf.pdb'에서 찾을 수 없습니다. 디버그 정보가 없는 것처럼 개체를 링크합니다.
libprotobufd.lib(strtod.obj) : warning LNK4099: 'libprotobuf.pdb' PDB를 'libprotobufd.lib(strtod.obj)' 또는 'C:\Users\Sounghoo12\Desktop\SC2API\precomfile lib\SC2API_Binary_vs2017\project\x64\Debug\libprotobuf.pdb'에서 찾을 수 없습니다. 디버그 정보가 없는 것처럼 개체를 링크합니다.
libprotobufd.lib(tokenizer.obj) : warning LNK4099: 'libprotobuf.pdb' PDB를 'libprotobufd.lib(tokenizer.obj)' 또는 'C:\Users\Sounghoo12\Desktop\SC2API\precomfile lib\SC2API_Binary_vs2017\project\x64\Debug\libprotobuf.pdb'에서 찾을 수 없습니다. 디버그 정보가 없는 것처럼 개체를 링크합니다.
libprotobufd.lib(zero_copy_stream_impl.obj) : warning LNK4099: 'libprotobuf.pdb' PDB를 'libprotobufd.lib(zero_copy_stream_impl.obj)' 또는 'C:\Users\Sounghoo12\Desktop\SC2API\precomfile lib\SC2API_Binary_vs2017\project\x64\Debug\libprotobuf.pdb'에서 찾을 수 없습니다. 디버그 정보가 없는 것처럼 개체를 링크합니다.
libprotobufd.lib(map_field.obj) : warning LNK4099: 'libprotobuf.pdb' PDB를 'libprotobufd.lib(map_field.obj)' 또는 'C:\Users\Sounghoo12\Desktop\SC2API\precomfile lib\SC2API_Binary_vs2017\project\x64\Debug\libprotobuf.pdb'에서 찾을 수 없습니다. 디버그 정보가 없는 것처럼 개체를 링크합니다.
libprotobufd.lib(message.obj) : warning LNK4099: 'libprotobuf.pdb' PDB를 'libprotobufd.lib(message.obj)' 또는 'C:\Users\Sounghoo12\Desktop\SC2API\precomfile lib\SC2API_Binary_vs2017\project\x64\Debug\libprotobuf.pdb'에서 찾을 수 없습니다. 디버그 정보가 없는 것처럼 개체를 링크합니다.
libprotobufd.lib(reflection_ops.obj) : warning LNK4099: 'libprotobuf.pdb' PDB를 'libprotobufd.lib(reflection_ops.obj)' 또는 'C:\Users\Sounghoo12\Desktop\SC2API\precomfile lib\SC2API_Binary_vs2017\project\x64\Debug\libprotobuf.pdb'에서 찾을 수 없습니다. 디버그 정보가 없는 것처럼 개체를 링크합니다.
libprotobufd.lib(substitute.obj) : warning LNK4099: 'libprotobuf.pdb' PDB를 'libprotobufd.lib(substitute.obj)' 또는 'C:\Users\Sounghoo12\Desktop\SC2API\precomfile lib\SC2API_Binary_vs2017\project\x64\Debug\libprotobuf.pdb'에서 찾을 수 없습니다. 디버그 정보가 없는 것처럼 개체를 링크합니다.
libprotobufd.lib(text_format.obj) : warning LNK4099: 'libprotobuf.pdb' PDB를 'libprotobufd.lib(text_format.obj)' 또는 'C:\Users\Sounghoo12\Desktop\SC2API\precomfile lib\SC2API_Binary_vs2017\project\x64\Debug\libprotobuf.pdb'에서 찾을 수 없습니다. 디버그 정보가 없는 것처럼 개체를 링크합니다.
libprotobufd.lib(unknown_field_set.obj) : warning LNK4099: 'libprotobuf.pdb' PDB를 'libprotobufd.lib(unknown_field_set.obj)' 또는 'C:\Users\Sounghoo12\Desktop\SC2API\precomfile lib\SC2API_Binary_vs2017\project\x64\Debug\libprotobuf.pdb'에서 찾을 수 없습니다. 디버그 정보가 없는 것처럼 개체를 링크합니다.
libprotobufd.lib(wire_format.obj) : warning LNK4099: 'libprotobuf.pdb' PDB를 'libprotobufd.lib(wire_format.obj)' 또는 'C:\Users\Sounghoo12\Desktop\SC2API\precomfile lib\SC2API_Binary_vs2017\project\x64\Debug\libprotobuf.pdb'에서 찾을 수 없습니다. 디버그 정보가 없는 것처럼 개체를 링크합니다.
sc2libd.lib(sc2_utils.obj) : warning LNK4099: 'sc2lib.pdb' PDB를 'sc2libd.lib(sc2_utils.obj)' 또는 'C:\Users\Sounghoo12\Desktop\SC2API\precomfile lib\SC2API_Binary_vs2017\project\x64\Debug\sc2lib.pdb'에서 찾을 수 없습니다. 디버그 정보가 없는 것처럼 개체를 링크합니다.
sc2apid.lib(sc2_map_info.obj) : warning LNK4099: 'sc2api.pdb' PDB를 'sc2apid.lib(sc2_map_info.obj)' 또는 'C:\Users\Sounghoo12\Desktop\SC2API\precomfile lib\SC2API_Binary_vs2017\project\x64\Debug\sc2api.pdb'에서 찾을 수 없습니다. 디버그 정보가 없는 것처럼 개체를 링크합니다.
sc2apid.lib(sc2_action.obj) : warning LNK4099: 'sc2api.pdb' PDB를 'sc2apid.lib(sc2_action.obj)' 또는 'C:\Users\Sounghoo12\Desktop\SC2API\precomfile lib\SC2API_Binary_vs2017\project\x64\Debug\sc2api.pdb'에서 찾을 수 없습니다. 디버그 정보가 없는 것처럼 개체를 링크합니다.
sc2apid.lib(sc2_agent.obj) : warning LNK4099: 'sc2api.pdb' PDB를 'sc2apid.lib(sc2_agent.obj)' 또는 'C:\Users\Sounghoo12\Desktop\SC2API\precomfile lib\SC2API_Binary_vs2017\project\x64\Debug\sc2api.pdb'에서 찾을 수 없습니다. 디버그 정보가 없는 것처럼 개체를 링크합니다.
sc2apid.lib(sc2_args.obj) : warning LNK4099: 'sc2api.pdb' PDB를 'sc2apid.lib(sc2_args.obj)' 또는 'C:\Users\Sounghoo12\Desktop\SC2API\precomfile lib\SC2API_Binary_vs2017\project\x64\Debug\sc2api.pdb'에서 찾을 수 없습니다. 디버그 정보가 없는 것처럼 개체를 링크합니다.
sc2apid.lib(sc2_client.obj) : warning LNK4099: 'sc2api.pdb' PDB를 'sc2apid.lib(sc2_client.obj)' 또는 'C:\Users\Sounghoo12\Desktop\SC2API\precomfile lib\SC2API_Binary_vs2017\project\x64\Debug\sc2api.pdb'에서 찾을 수 없습니다. 디버그 정보가 없는 것처럼 개체를 링크합니다.
sc2apid.lib(sc2_common.obj) : warning LNK4099: 'sc2api.pdb' PDB를 'sc2apid.lib(sc2_common.obj)' 또는 'C:\Users\Sounghoo12\Desktop\SC2API\precomfile lib\SC2API_Binary_vs2017\project\x64\Debug\sc2api.pdb'에서 찾을 수 없습니다. 디버그 정보가 없는 것처럼 개체를 링크합니다.
sc2apid.lib(sc2_connection.obj) : warning LNK4099: 'sc2api.pdb' PDB를 'sc2apid.lib(sc2_connection.obj)' 또는 'C:\Users\Sounghoo12\Desktop\SC2API\precomfile lib\SC2API_Binary_vs2017\project\x64\Debug\sc2api.pdb'에서 찾을 수 없습니다. 디버그 정보가 없는 것처럼 개체를 링크합니다.
sc2apid.lib(sc2_coordinator.obj) : warning LNK4099: 'sc2api.pdb' PDB를 'sc2apid.lib(sc2_coordinator.obj)' 또는 'C:\Users\Sounghoo12\Desktop\SC2API\precomfile lib\SC2API_Binary_vs2017\project\x64\Debug\sc2api.pdb'에서 찾을 수 없습니다. 디버그 정보가 없는 것처럼 개체를 링크합니다.
sc2apid.lib(sc2_data.obj) : warning LNK4099: 'sc2api.pdb' PDB를 'sc2apid.lib(sc2_data.obj)' 또는 'C:\Users\Sounghoo12\Desktop\SC2API\precomfile lib\SC2API_Binary_vs2017\project\x64\Debug\sc2api.pdb'에서 찾을 수 없습니다. 디버그 정보가 없는 것처럼 개체를 링크합니다.
sc2apid.lib(sc2_game_settings.obj) : warning LNK4099: 'sc2api.pdb' PDB를 'sc2apid.lib(sc2_game_settings.obj)' 또는 'C:\Users\Sounghoo12\Desktop\SC2API\precomfile lib\SC2API_Binary_vs2017\project\x64\Debug\sc2api.pdb'에서 찾을 수 없습니다. 디버그 정보가 없는 것처럼 개체를 링크합니다.
sc2apid.lib(sc2_proto_interface.obj) : warning LNK4099: 'sc2api.pdb' PDB를 'sc2apid.lib(sc2_proto_interface.obj)' 또는 'C:\Users\Sounghoo12\Desktop\SC2API\precomfile lib\SC2API_Binary_vs2017\project\x64\Debug\sc2api.pdb'에서 찾을 수 없습니다. 디버그 정보가 없는 것처럼 개체를 링크합니다.
sc2apid.lib(sc2_proto_to_pods.obj) : warning LNK4099: 'sc2api.pdb' PDB를 'sc2apid.lib(sc2_proto_to_pods.obj)' 또는 'C:\Users\Sounghoo12\Desktop\SC2API\precomfile lib\SC2API_Binary_vs2017\project\x64\Debug\sc2api.pdb'에서 찾을 수 없습니다. 디버그 정보가 없는 것처럼 개체를 링크합니다.
sc2apid.lib(sc2_replay_observer.obj) : warning LNK4099: 'sc2api.pdb' PDB를 'sc2apid.lib(sc2_replay_observer.obj)' 또는 'C:\Users\Sounghoo12\Desktop\SC2API\precomfile lib\SC2API_Binary_vs2017\project\x64\Debug\sc2api.pdb'에서 찾을 수 없습니다. 디버그 정보가 없는 것처럼 개체를 링크합니다.
sc2apid.lib(sc2_score.obj) : warning LNK4099: 'sc2api.pdb' PDB를 'sc2apid.lib(sc2_score.obj)' 또는 'C:\Users\Sounghoo12\Desktop\SC2API\precomfile lib\SC2API_Binary_vs2017\project\x64\Debug\sc2api.pdb'에서 찾을 수 없습니다. 디버그 정보가 없는 것처럼 개체를 링크합니다.
sc2apid.lib(sc2_unit.obj) : warning LNK4099: 'sc2api.pdb' PDB를 'sc2apid.lib(sc2_unit.obj)' 또는 'C:\Users\Sounghoo12\Desktop\SC2API\precomfile lib\SC2API_Binary_vs2017\project\x64\Debug\sc2api.pdb'에서 찾을 수 없습니다. 디버그 정보가 없는 것처럼 개체를 링크합니다.
sc2protocold.lib(common.pb.obj) : warning LNK4099: 'sc2protocol.pdb' PDB를 'sc2protocold.lib(common.pb.obj)' 또는 'C:\Users\Sounghoo12\Desktop\SC2API\precomfile lib\SC2API_Binary_vs2017\project\x64\Debug\sc2protocol.pdb'에서 찾을 수 없습니다. 디버그 정보가 없는 것처럼 개체를 링크합니다.
sc2protocold.lib(data.pb.obj) : warning LNK4099: 'sc2protocol.pdb' PDB를 'sc2protocold.lib(data.pb.obj)' 또는 'C:\Users\Sounghoo12\Desktop\SC2API\precomfile lib\SC2API_Binary_vs2017\project\x64\Debug\sc2protocol.pdb'에서 찾을 수 없습니다. 디버그 정보가 없는 것처럼 개체를 링크합니다.
sc2protocold.lib(debug.pb.obj) : warning LNK4099: 'sc2protocol.pdb' PDB를 'sc2protocold.lib(debug.pb.obj)' 또는 'C:\Users\Sounghoo12\Desktop\SC2API\precomfile lib\SC2API_Binary_vs2017\project\x64\Debug\sc2protocol.pdb'에서 찾을 수 없습니다. 디버그 정보가 없는 것처럼 개체를 링크합니다.
sc2protocold.lib(error.pb.obj) : warning LNK4099: 'sc2protocol.pdb' PDB를 'sc2protocold.lib(error.pb.obj)' 또는 'C:\Users\Sounghoo12\Desktop\SC2API\precomfile lib\SC2API_Binary_vs2017\project\x64\Debug\sc2protocol.pdb'에서 찾을 수 없습니다. 디버그 정보가 없는 것처럼 개체를 링크합니다.
sc2protocold.lib(query.pb.obj) : warning LNK4099: 'sc2protocol.pdb' PDB를 'sc2protocold.lib(query.pb.obj)' 또는 'C:\Users\Sounghoo12\Desktop\SC2API\precomfile lib\SC2API_Binary_vs2017\project\x64\Debug\sc2protocol.pdb'에서 찾을 수 없습니다. 디버그 정보가 없는 것처럼 개체를 링크합니다.
sc2protocold.lib(raw.pb.obj) : warning LNK4099: 'sc2protocol.pdb' PDB를 'sc2protocold.lib(raw.pb.obj)' 또는 'C:\Users\Sounghoo12\Desktop\SC2API\precomfile lib\SC2API_Binary_vs2017\project\x64\Debug\sc2protocol.pdb'에서 찾을 수 없습니다. 디버그 정보가 없는 것처럼 개체를 링크합니다.
sc2protocold.lib(sc2api.pb.obj) : warning LNK4099: 'sc2protocol.pdb' PDB를 'sc2protocold.lib(sc2api.pb.obj)' 또는 'C:\Users\Sounghoo12\Desktop\SC2API\precomfile lib\SC2API_Binary_vs2017\project\x64\Debug\sc2protocol.pdb'에서 찾을 수 없습니다. 디버그 정보가 없는 것처럼 개체를 링크합니다.
sc2protocold.lib(score.pb.obj) : warning LNK4099: 'sc2protocol.pdb' PDB를 'sc2protocold.lib(score.pb.obj)' 또는 'C:\Users\Sounghoo12\Desktop\SC2API\precomfile lib\SC2API_Binary_vs2017\project\x64\Debug\sc2protocol.pdb'에서 찾을 수 없습니다. 디버그 정보가 없는 것처럼 개체를 링크합니다.
sc2protocold.lib(spatial.pb.obj) : warning LNK4099: 'sc2protocol.pdb' PDB를 'sc2protocold.lib(spatial.pb.obj)' 또는 'C:\Users\Sounghoo12\Desktop\SC2API\precomfile lib\SC2API_Binary_vs2017\project\x64\Debug\sc2protocol.pdb'에서 찾을 수 없습니다. 디버그 정보가 없는 것처럼 개체를 링크합니다.
sc2protocold.lib(ui.pb.obj) : warning LNK4099: 'sc2protocol.pdb' PDB를 'sc2protocold.lib(ui.pb.obj)' 또는 'C:\Users\Sounghoo12\Desktop\SC2API\precomfile lib\SC2API_Binary_vs2017\project\x64\Debug\sc2protocol.pdb'에서 찾을 수 없습니다. 디버그 정보가 없는 것처럼 개체를 링크합니다.
sc2utilsd.lib(sc2_arg_parser.obj) : warning LNK4099: 'sc2utils.pdb' PDB를 'sc2utilsd.lib(sc2_arg_parser.obj)' 또는 'C:\Users\Sounghoo12\Desktop\SC2API\precomfile lib\SC2API_Binary_vs2017\project\x64\Debug\sc2utils.pdb'에서 찾을 수 없습니다. 디버그 정보가 없는 것처럼 개체를 링크합니다.
sc2utilsd.lib(sc2_manage_process.obj) : warning LNK4099: 'sc2utils.pdb' PDB를 'sc2utilsd.lib(sc2_manage_process.obj)' 또는 'C:\Users\Sounghoo12\Desktop\SC2API\precomfile lib\SC2API_Binary_vs2017\project\x64\Debug\sc2utils.pdb'에서 찾을 수 없습니다. 디버그 정보가 없는 것처럼 개체를 링크합니다.
sc2utilsd.lib(sc2_property_reader.obj) : warning LNK4099: 'sc2utils.pdb' PDB를 'sc2utilsd.lib(sc2_property_reader.obj)' 또는 'C:\Users\Sounghoo12\Desktop\SC2API\precomfile lib\SC2API_Binary_vs2017\project\x64\Debug\sc2utils.pdb'에서 찾을 수 없습니다. 디버그 정보가 없는 것처럼 개체를 링크합니다.
sc2utilsd.lib(sc2_scan_directory.obj) : warning LNK4099: 'sc2utils.pdb' PDB를 'sc2utilsd.lib(sc2_scan_directory.obj)' 또는 'C:\Users\Sounghoo12\Desktop\SC2API\precomfile lib\SC2API_Binary_vs2017\project\x64\Debug\sc2utils.pdb'에서 찾을 수 없습니다. 디버그 정보가 없는 것처럼 개체를 링크합니다.
  bot.vcxproj -> C:\Users\Sounghoo12\Desktop\SC2API\precomfile lib\SC2API_Binary_vs2017\project\x64\Debug\bot.exe
  bot.vcxproj -> C:\Users\Sounghoo12\Desktop\SC2API\precomfile lib\SC2API_Binary_vs2017\project\x64\Debug\bot.pdb (Partial PDB)
